‚ùØ Building...
‚úî Building...
Initial chunk files | Names                  |  Raw size
main.js             | main                   | 752.56 kB | 
styles.css          | styles                 | 146.14 kB | 
chunk-65BEFXUA.js   | -                      |   5.58 kB | 
polyfills.js        | polyfills              |  95 bytes | 

                    | Initial total          | 904.37 kB

Lazy chunk files    | Names                  |  Raw size
chunk-7DG6ODXI.js   | login                  |  45.91 kB | 
chunk-BR7F7UYI.js   | dashboard-component    |  23.27 kB | 
chunk-NK27Q2EG.js   | unauthorized-component |   7.45 kB | 

Application bundle generation complete. [22.052 seconds]

Watch mode enabled. Watching for file changes...
NOTE: Raw file sizes do not reflect development server per-request transformations.
  ‚ûú  Local:   http://localhost:4200/
‚ùØ Changes detected. Rebuilding...
‚úî Changes detected. Rebuilding...
Application bundle generation failed. [6.194 seconds]

[31m‚úò [41;31m[[41;97mERROR[41;31m][0m [1mNG8002: Can't bind to 'matDatepicker' since it isn't a known property of 'input'.[0m [1m[35m[plugin angular-compiler][0m

    src/app/components/estudios/estudios.html:121:10:
[37m      121 ‚îÇ           [32m[matDatepicker]="picker"[37m
          ‚ïµ           [32m~~~~~~~~~~~~~~~~~~~~~~~~[0m

  Error occurs in the template of component Estudios.

    src/app/components/estudios/estudios.ts:62:15:
[37m      62 ‚îÇ   templateUrl: [32m'./estudios.html'[37m,
         ‚ïµ                [32m~~~~~~~~~~~~~~~~~[0m


[31m‚úò [41;31m[[41;97mERROR[41;31m][0m [1mTS2339: Property 'selectedDate' does not exist on type 'Estudios'.[0m [1m[35m[plugin angular-compiler][0m

    src/app/components/estudios/estudios.html:122:23:
[37m      122 ‚îÇ           [(ngModel)]="[32mselectedDate[37m"
          ‚ïµ                        [32m~~~~~~~~~~~~[0m

  Error occurs in the template of component Estudios.

    src/app/components/estudios/estudios.ts:62:15:
[37m      62 ‚îÇ   templateUrl: [32m'./estudios.html'[37m,
         ‚ïµ                [32m~~~~~~~~~~~~~~~~~[0m


[31m‚úò [41;31m[[41;97mERROR[41;31m][0m [1mTS2339: Property 'selectedDate' does not exist on type 'Estudios'.[0m [1m[35m[plugin angular-compiler][0m

    src/app/components/estudios/estudios.html:122:23:
[37m      122 ‚îÇ           [(ngModel)]="[32mselectedDate[37m"
          ‚ïµ                        [32m~~~~~~~~~~~~[0m

  Error occurs in the template of component Estudios.

    src/app/components/estudios/estudios.ts:62:15:
[37m      62 ‚îÇ   templateUrl: [32m'./estudios.html'[37m,
         ‚ïµ                [32m~~~~~~~~~~~~~~~~~[0m


[31m‚úò [41;31m[[41;97mERROR[41;31m][0m [1mTS2339: Property 'onDateChange' does not exist on type 'Estudios'.[0m [1m[35m[plugin angular-compiler][0m

    src/app/components/estudios/estudios.html:123:24:
[37m      123 ‚îÇ           (dateChange)="[32monDateChange[37m()"
          ‚ïµ                         [32m~~~~~~~~~~~~[0m

  Error occurs in the template of component Estudios.

    src/app/components/estudios/estudios.ts:62:15:
[37m      62 ‚îÇ   templateUrl: [32m'./estudios.html'[37m,
         ‚ïµ                [32m~~~~~~~~~~~~~~~~~[0m


[31m‚úò [41;31m[[41;97mERROR[41;31m][0m [1mNG8002: Can't bind to 'htmlFor' since it isn't a known property of 'mat-datepicker-toggle'.
1. If 'mat-datepicker-toggle' is an Angular component and it has 'htmlFor' input, then verify that it is included in the '@Component.imports' of this component.
2. If 'mat-datepicker-toggle' is a Web Component then add 'CUSTOM_ELEMENTS_SCHEMA' to the '@Component.schemas' of this component to suppress this message.
3. To allow any property add 'NO_ERRORS_SCHEMA' to the '@Component.schemas' of this component.[0m [1m[35m[plugin angular-compiler][0m

    src/app/components/estudios/estudios.html:126:41:
[37m      126 ‚îÇ ...tepicker-toggle matSuffix [32m[for]="picker"[37m></mat-datepicker-toggle>
          ‚ïµ                              [32m~~~~~~~~~~~~~~[0m

  Error occurs in the template of component Estudios.

    src/app/components/estudios/estudios.ts:62:15:
[37m      62 ‚îÇ   templateUrl: [32m'./estudios.html'[37m,
         ‚ïµ                [32m~~~~~~~~~~~~~~~~~[0m


[31m‚úò [41;31m[[41;97mERROR[41;31m][0m [1mNG8001: 'mat-datepicker' is not a known element:
1. If 'mat-datepicker' is an Angular component, then verify that it is included in the '@Component.imports' of this component.
2. If 'mat-datepicker' is a Web Component then add 'CUSTOM_ELEMENTS_SCHEMA' to the '@Component.schemas' of this component to suppress this message.[0m [1m[35m[plugin angular-compiler][0m

    src/app/components/estudios/estudios.html:127:8:
[37m      127 ‚îÇ         [32m<mat-datepicker #picker>[37m</mat-datepicker>
          ‚ïµ         [32m~~~~~~~~~~~~~~~~~~~~~~~~[0m

  Error occurs in the template of component Estudios.

    src/app/components/estudios/estudios.ts:62:15:
[37m      62 ‚îÇ   templateUrl: [32m'./estudios.html'[37m,
         ‚ïµ                [32m~~~~~~~~~~~~~~~~~[0m


[31m‚úò [41;31m[[41;97mERROR[41;31m][0m [1mTS2339: Property 'exportToCSV' does not exist on type 'Estudios'.[0m [1m[35m[plugin angular-compiler][0m

    src/app/components/estudios/estudios.html:131:42:
[37m      131 ‚îÇ ...mat-stroked-button (click)="[32mexportToCSV[37m()" class="export-button">
          ‚ïµ                                [32m~~~~~~~~~~~[0m

  Error occurs in the template of component Estudios.

    src/app/components/estudios/estudios.ts:62:15:
[37m      62 ‚îÇ   templateUrl: [32m'./estudios.html'[37m,
         ‚ïµ                [32m~~~~~~~~~~~~~~~~~[0m


[31m‚úò [41;31m[[41;97mERROR[41;31m][0m [1mTS2339: Property 'expandedEstudioId' does not exist on type 'Estudios'.[0m [1m[35m[plugin angular-compiler][0m

    src/app/components/estudios/estudios.html:161:28:
[37m      161 ‚îÇ           [class.expanded]="[32mexpandedEstudioId[37m === estudio.id"
          ‚ïµ                             [32m~~~~~~~~~~~~~~~~~[0m

  Error occurs in the template of component Estudios.

    src/app/components/estudios/estudios.ts:62:15:
[37m      62 ‚îÇ   templateUrl: [32m'./estudios.html'[37m,
         ‚ïµ                [32m~~~~~~~~~~~~~~~~~[0m


[31m‚úò [41;31m[[41;97mERROR[41;31m][0m [1mTS2339: Property 'toggleExpand' does not exist on type 'Estudios'.[0m [1m[35m[plugin angular-compiler][0m

    src/app/components/estudios/estudios.html:164:46:
[37m      164 ‚îÇ ...   <div class="list-item-row" (click)="[32mtoggleExpand[37m(estudio.id)">
          ‚ïµ                                           [32m~~~~~~~~~~~~[0m

  Error occurs in the template of component Estudios.

    src/app/components/estudios/estudios.ts:62:15:
[37m      62 ‚îÇ   templateUrl: [32m'./estudios.html'[37m,
         ‚ïµ                [32m~~~~~~~~~~~~~~~~~[0m


[31m‚úò [41;31m[[41;97mERROR[41;31m][0m [1mTS2345: Argument of type 'string | undefined' is not assignable to parameter of type 'string'.
  Type 'undefined' is not assignable to type 'string'.[0m [1m[35m[plugin angular-compiler][0m

    src/app/components/estudios/estudios.html:188:52:
[37m      188 ‚îÇ ...   <mat-icon>{{ getModalidadIcon(estudio.[32mmodalidad[37m) }}</mat-icon>
          ‚ïµ                                             [32m~~~~~~~~~[0m

  Error occurs in the template of component Estudios.

    src/app/components/estudios/estudios.ts:62:15:
[37m      62 ‚îÇ   templateUrl: [32m'./estudios.html'[37m,
         ‚ïµ                [32m~~~~~~~~~~~~~~~~~[0m


[31m‚úò [41;31m[[41;97mERROR[41;31m][0m [1mTS2339: Property 'toggleExpand' does not exist on type 'Estudios'.[0m [1m[35m[plugin angular-compiler][0m

    src/app/components/estudios/estudios.html:196:25:
[37m      196 ‚îÇ                 (click)="[32mtoggleExpand[37m(estudio.id); $event.stopPro...
          ‚ïµ                          [32m~~~~~~~~~~~~[0m

  Error occurs in the template of component Estudios.

    src/app/components/estudios/estudios.ts:62:15:
[37m      62 ‚îÇ   templateUrl: [32m'./estudios.html'[37m,
         ‚ïµ                [32m~~~~~~~~~~~~~~~~~[0m


[31m‚úò [41;31m[[41;97mERROR[41;31m][0m [1mTS2339: Property 'expandedEstudioId' does not exist on type 'Estudios'.[0m [1m[35m[plugin angular-compiler][0m

    src/app/components/estudios/estudios.html:198:29:
[37m      198 ‚îÇ ...          <mat-icon>{{ [32mexpandedEstudioId[37m === estudio.id ? 'exp...
          ‚ïµ                           [32m~~~~~~~~~~~~~~~~~[0m

  Error occurs in the template of component Estudios.

    src/app/components/estudios/estudios.ts:62:15:
[37m      62 ‚îÇ   templateUrl: [32m'./estudios.html'[37m,
         ‚ïµ                [32m~~~~~~~~~~~~~~~~~[0m


[31m‚úò [41;31m[[41;97mERROR[41;31m][0m [1mTS2339: Property 'expandedEstudioId' does not exist on type 'Estudios'.[0m [1m[35m[plugin angular-compiler][0m

    src/app/components/estudios/estudios.html:204:47:
[37m      204 ‚îÇ ...lass="expanded-details" *ngIf="[32mexpandedEstudioId[37m === estudio.id">
          ‚ïµ                                   [32m~~~~~~~~~~~~~~~~~[0m

  Error occurs in the template of component Estudios.

    src/app/components/estudios/estudios.ts:62:15:
[37m      62 ‚îÇ   templateUrl: [32m'./estudios.html'[37m,
         ‚ïµ                [32m~~~~~~~~~~~~~~~~~[0m


‚ùØ Changes detected. Rebuilding...
‚úî Changes detected. Rebuilding...
Initial chunk files | Names                  |  Raw size
main.js             | main                   | 715.15 kB | 
styles.css          | styles                 | 146.14 kB | 
chunk-65BEFXUA.js   | -                      |   5.58 kB | 
polyfills.js        | polyfills              |  95 bytes | 

                    | Initial total          | 866.97 kB

Lazy chunk files    | Names                  |  Raw size
chunk-7DG6ODXI.js   | login                  |  45.91 kB | 
chunk-BR7F7UYI.js   | dashboard-component    |  23.27 kB | 
chunk-NK27Q2EG.js   | unauthorized-component |   7.45 kB | 

Application bundle generation complete. [2.163 seconds]

Page reload sent to client(s).
‚ùØ Changes detected. Rebuilding...
‚úî Changes detected. Rebuilding...
Application bundle generation failed. [2.077 seconds]

[31m‚úò [41;31m[[41;97mERROR[41;31m][0m [1mTS2339: Property 'sortEstudiosByDate' does not exist on type 'Estudios'.[0m [1m[35m[plugin angular-compiler][0m

    src/app/components/estudios/estudios.html:144:34:
[37m      144 ‚îÇ ...on mat-button (click)="[32msortEstudiosByDate[37m()" class="sort-button">
          ‚ïµ                           [32m~~~~~~~~~~~~~~~~~~[0m

  Error occurs in the template of component Estudios.

    src/app/components/estudios/estudios.ts:65:15:
[37m      65 ‚îÇ   templateUrl: [32m'./estudios.html'[37m,
         ‚ïµ                [32m~~~~~~~~~~~~~~~~~[0m


[31m‚úò [41;31m[[41;97mERROR[41;31m][0m [1mTS2339: Property 'loadingTemplate' does not exist on type 'Estudios'.[0m [1m[35m[plugin angular-compiler][0m

    src/app/components/estudios/estudios.html:152:55:
[37m      152 ‚îÇ ...class="content-section" *ngIf="!isLoading; else [32mloadingTemplate[37m">
          ‚ïµ                                                    [32m~~~~~~~~~~~~~~~[0m

  Error occurs in the template of component Estudios.

    src/app/components/estudios/estudios.ts:65:15:
[37m      65 ‚îÇ   templateUrl: [32m'./estudios.html'[37m,
         ‚ïµ                [32m~~~~~~~~~~~~~~~~~[0m


[31m‚úò [41;31m[[41;97mERROR[41;31m][0m [1mTS2339: Property 'estudiosTemplate' does not exist on type 'Estudios'.[0m [1m[35m[plugin angular-compiler][0m

    src/app/components/estudios/estudios.html:153:52:
[37m      153 ‚îÇ ...redEstudios.length === 0; else [32mestudiosTemplate[37m" class="no-data">
          ‚ïµ                                   [32m~~~~~~~~~~~~~~~~[0m

  Error occurs in the template of component Estudios.

    src/app/components/estudios/estudios.ts:65:15:
[37m      65 ‚îÇ   templateUrl: [32m'./estudios.html'[37m,
         ‚ïµ                [32m~~~~~~~~~~~~~~~~~[0m


[31m‚úò [41;31m[[41;97mERROR[41;31m][0m [1mTS2339: Property 'sortEstudiosByDate' does not exist on type 'Estudios'.[0m [1m[35m[plugin angular-compiler][0m

    src/app/components/estudios/estudios.html:334:56:
[37m      334 ‚îÇ ...troked-button (click)="[32msortEstudiosByDate[37m()" class="sort-button">
          ‚ïµ                           [32m~~~~~~~~~~~~~~~~~~[0m

  Error occurs in the template of component Estudios.

    src/app/components/estudios/estudios.ts:65:15:
[37m      65 ‚îÇ   templateUrl: [32m'./estudios.html'[37m,
         ‚ïµ                [32m~~~~~~~~~~~~~~~~~[0m


[31m‚úò [41;31m[[41;97mERROR[41;31m][0m [1mTS2339: Property 'clearAllFilters' does not exist on type 'Estudios'.[0m [1m[35m[plugin angular-compiler][0m

    src/app/components/estudios/estudios.html:341:33:
[37m      341 ‚îÇ                         (click)="[32mclearAllFilters[37m()"
          ‚ïµ                                  [32m~~~~~~~~~~~~~~~[0m

  Error occurs in the template of component Estudios.

    src/app/components/estudios/estudios.ts:65:15:
[37m      65 ‚îÇ   templateUrl: [32m'./estudios.html'[37m,
         ‚ïµ                [32m~~~~~~~~~~~~~~~~~[0m


[31m‚úò [41;31m[[41;97mERROR[41;31m][0m [1mTS2339: Property 'hasActiveFilters' does not exist on type 'Estudios'.[0m [1m[35m[plugin angular-compiler][0m

    src/app/components/estudios/estudios.html:343:31:
[37m      343 ‚îÇ                         *ngIf="[32mhasActiveFilters[37m()"
          ‚ïµ                                [32m~~~~~~~~~~~~~~~~[0m

  Error occurs in the template of component Estudios.

    src/app/components/estudios/estudios.ts:65:15:
[37m      65 ‚îÇ   templateUrl: [32m'./estudios.html'[37m,
         ‚ïµ                [32m~~~~~~~~~~~~~~~~~[0m


[31m‚úò [41;31m[[41;97mERROR[41;31m][0m [1mTS2339: Property 'hasActiveFilters' does not exist on type 'Estudios'.[0m [1m[35m[plugin angular-compiler][0m

    src/app/components/estudios/estudios.html:353:47:
[37m      353 ‚îÇ             <div class="active-filters" *ngIf="[32mhasActiveFilters[37m()">
          ‚ïµ                                                [32m~~~~~~~~~~~~~~~~[0m

  Error occurs in the template of component Estudios.

    src/app/components/estudios/estudios.ts:65:15:
[37m      65 ‚îÇ   templateUrl: [32m'./estudios.html'[37m,
         ‚ïµ                [32m~~~~~~~~~~~~~~~~~[0m


[31m‚úò [41;31m[[41;97mERROR[41;31m][0m [1mTS2339: Property 'hasActiveFilters' does not exist on type 'Estudios'.[0m [1m[35m[plugin angular-compiler][0m

    src/app/components/estudios/estudios.html:412:29:
[37m      412 ‚îÇ ...          <mat-icon>{{ [32mhasActiveFilters[37m() ? 'search_off' : 'sc...
          ‚ïµ                           [32m~~~~~~~~~~~~~~~~[0m

  Error occurs in the template of component Estudios.

    src/app/components/estudios/estudios.ts:65:15:
[37m      65 ‚îÇ   templateUrl: [32m'./estudios.html'[37m,
         ‚ïµ                [32m~~~~~~~~~~~~~~~~~[0m


[31m‚úò [41;31m[[41;97mERROR[41;31m][0m [1mTS2339: Property 'hasActiveFilters' does not exist on type 'Estudios'.[0m [1m[35m[plugin angular-compiler][0m

    src/app/components/estudios/estudios.html:415:19:
[37m      415 ‚îÇ                 {{ [32mhasActiveFilters[37m() ? 'No se encontraron estudi...
          ‚ïµ                    [32m~~~~~~~~~~~~~~~~[0m

  Error occurs in the template of component Estudios.

    src/app/components/estudios/estudios.ts:65:15:
[37m      65 ‚îÇ   templateUrl: [32m'./estudios.html'[37m,
         ‚ïµ                [32m~~~~~~~~~~~~~~~~~[0m


[31m‚úò [41;31m[[41;97mERROR[41;31m][0m [1mTS2339: Property 'hasActiveFilters' does not exist on type 'Estudios'.[0m [1m[35m[plugin angular-compiler][0m

    src/app/components/estudios/estudios.html:419:19:
[37m      419 ‚îÇ                 {{ [32mhasActiveFilters[37m() ? 'Intenta ajustar los filt...
          ‚ïµ                    [32m~~~~~~~~~~~~~~~~[0m

  Error occurs in the template of component Estudios.

    src/app/components/estudios/estudios.ts:65:15:
[37m      65 ‚îÇ   templateUrl: [32m'./estudios.html'[37m,
         ‚ïµ                [32m~~~~~~~~~~~~~~~~~[0m


[31m‚úò [41;31m[[41;97mERROR[41;31m][0m [1mTS2339: Property 'hasActiveFilters' does not exist on type 'Estudios'.[0m [1m[35m[plugin angular-compiler][0m

    src/app/components/estudios/estudios.html:430:23:
[37m      430 ‚îÇ                     {{ [32mhasActiveFilters[37m() ? 'Nuevo Estudio' : 'Cr...
          ‚ïµ                        [32m~~~~~~~~~~~~~~~~[0m

  Error occurs in the template of component Estudios.

    src/app/components/estudios/estudios.ts:65:15:
[37m      65 ‚îÇ   templateUrl: [32m'./estudios.html'[37m,
         ‚ïµ                [32m~~~~~~~~~~~~~~~~~[0m


[31m‚úò [41;31m[[41;97mERROR[41;31m][0m [1mTS2339: Property 'hasActiveFilters' does not exist on type 'Estudios'.[0m [1m[35m[plugin angular-compiler][0m

    src/app/components/estudios/estudios.html:433:27:
[37m      433 ‚îÇ                     *ngIf="[32mhasActiveFilters[37m()"
          ‚ïµ                            [32m~~~~~~~~~~~~~~~~[0m

  Error occurs in the template of component Estudios.

    src/app/components/estudios/estudios.ts:65:15:
[37m      65 ‚îÇ   templateUrl: [32m'./estudios.html'[37m,
         ‚ïµ                [32m~~~~~~~~~~~~~~~~~[0m


[31m‚úò [41;31m[[41;97mERROR[41;31m][0m [1mTS2339: Property 'clearAllFilters' does not exist on type 'Estudios'.[0m [1m[35m[plugin angular-compiler][0m

    src/app/components/estudios/estudios.html:435:29:
[37m      435 ‚îÇ                     (click)="[32mclearAllFilters[37m()"
          ‚ïµ                              [32m~~~~~~~~~~~~~~~[0m

  Error occurs in the template of component Estudios.

    src/app/components/estudios/estudios.ts:65:15:
[37m      65 ‚îÇ   templateUrl: [32m'./estudios.html'[37m,
         ‚ïµ                [32m~~~~~~~~~~~~~~~~~[0m


‚ùØ Changes detected. Rebuilding...
‚úî Changes detected. Rebuilding...
Initial chunk files | Names                  |  Raw size
main.js             | main                   | 715.15 kB | 
styles.css          | styles                 | 146.14 kB | 
chunk-65BEFXUA.js   | -                      |   5.58 kB | 
polyfills.js        | polyfills              |  95 bytes | 

                    | Initial total          | 866.97 kB

Lazy chunk files    | Names                  |  Raw size
chunk-7DG6ODXI.js   | login                  |  45.91 kB | 
chunk-BR7F7UYI.js   | dashboard-component    |  23.27 kB | 
chunk-NK27Q2EG.js   | unauthorized-component |   7.45 kB | 

Application bundle generation complete. [1.450 seconds]

Page reload sent to client(s).
‚ùØ Changes detected. Rebuilding...
‚úî Changes detected. Rebuilding...
Initial chunk files | Names |  Raw size
main.js             | main  | 712.90 kB | 

Application bundle generation complete. [1.224 seconds]

Component update sent to client(s).
‚ùØ Changes detected. Rebuilding...
‚úî Changes detected. Rebuilding...
Initial chunk files | Names |  Raw size
main.js             | main  | 715.15 kB | 

Application bundle generation complete. [1.169 seconds]

Component update sent to client(s).
‚ùØ Changes detected. Rebuilding...
‚úî Changes detected. Rebuilding...
Initial chunk files | Names |  Raw size
main.js             | main  | 713.38 kB | 

Application bundle generation complete. [1.090 seconds]

Component update sent to client(s).
‚ùØ Changes detected. Rebuilding...
‚úî Changes detected. Rebuilding...
Application bundle generation failed. [1.728 seconds]

[31m‚úò [41;31m[[41;97mERROR[41;31m][0m [1mTS2339: Property 'sortEstudiosByDate' does not exist on type 'Estudios'.[0m [1m[35m[plugin angular-compiler][0m

    src/app/components/estudios/estudios.html:144:34:
[37m      144 ‚îÇ ...on mat-button (click)="[32msortEstudiosByDate[37m()" class="sort-button">
          ‚ïµ                           [32m~~~~~~~~~~~~~~~~~~[0m

  Error occurs in the template of component Estudios.

    src/app/components/estudios/estudios.ts:65:15:
[37m      65 ‚îÇ   templateUrl: [32m'./estudios.html'[37m,
         ‚ïµ                [32m~~~~~~~~~~~~~~~~~[0m


[31m‚úò [41;31m[[41;97mERROR[41;31m][0m [1mTS2339: Property 'loadingTemplate' does not exist on type 'Estudios'.[0m [1m[35m[plugin angular-compiler][0m

    src/app/components/estudios/estudios.html:152:55:
[37m      152 ‚îÇ ...class="content-section" *ngIf="!isLoading; else [32mloadingTemplate[37m">
          ‚ïµ                                                    [32m~~~~~~~~~~~~~~~[0m

  Error occurs in the template of component Estudios.

    src/app/components/estudios/estudios.ts:65:15:
[37m      65 ‚îÇ   templateUrl: [32m'./estudios.html'[37m,
         ‚ïµ                [32m~~~~~~~~~~~~~~~~~[0m


[31m‚úò [41;31m[[41;97mERROR[41;31m][0m [1mTS2339: Property 'estudiosTemplate' does not exist on type 'Estudios'.[0m [1m[35m[plugin angular-compiler][0m

    src/app/components/estudios/estudios.html:153:52:
[37m      153 ‚îÇ ...redEstudios.length === 0; else [32mestudiosTemplate[37m" class="no-data">
          ‚ïµ                                   [32m~~~~~~~~~~~~~~~~[0m

  Error occurs in the template of component Estudios.

    src/app/components/estudios/estudios.ts:65:15:
[37m      65 ‚îÇ   templateUrl: [32m'./estudios.html'[37m,
         ‚ïµ                [32m~~~~~~~~~~~~~~~~~[0m


[31m‚úò [41;31m[[41;97mERROR[41;31m][0m [1mTS2339: Property 'sortEstudiosByDate' does not exist on type 'Estudios'.[0m [1m[35m[plugin angular-compiler][0m

    src/app/components/estudios/estudios.html:334:56:
[37m      334 ‚îÇ ...troked-button (click)="[32msortEstudiosByDate[37m()" class="sort-button">
          ‚ïµ                           [32m~~~~~~~~~~~~~~~~~~[0m

  Error occurs in the template of component Estudios.

    src/app/components/estudios/estudios.ts:65:15:
[37m      65 ‚îÇ   templateUrl: [32m'./estudios.html'[37m,
         ‚ïµ                [32m~~~~~~~~~~~~~~~~~[0m


[31m‚úò [41;31m[[41;97mERROR[41;31m][0m [1mTS2339: Property 'clearAllFilters' does not exist on type 'Estudios'.[0m [1m[35m[plugin angular-compiler][0m

    src/app/components/estudios/estudios.html:341:33:
[37m      341 ‚îÇ                         (click)="[32mclearAllFilters[37m()"
          ‚ïµ                                  [32m~~~~~~~~~~~~~~~[0m

  Error occurs in the template of component Estudios.

    src/app/components/estudios/estudios.ts:65:15:
[37m      65 ‚îÇ   templateUrl: [32m'./estudios.html'[37m,
         ‚ïµ                [32m~~~~~~~~~~~~~~~~~[0m


[31m‚úò [41;31m[[41;97mERROR[41;31m][0m [1mTS2339: Property 'hasActiveFilters' does not exist on type 'Estudios'.[0m [1m[35m[plugin angular-compiler][0m

    src/app/components/estudios/estudios.html:343:31:
[37m      343 ‚îÇ                         *ngIf="[32mhasActiveFilters[37m()"
          ‚ïµ                                [32m~~~~~~~~~~~~~~~~[0m

  Error occurs in the template of component Estudios.

    src/app/components/estudios/estudios.ts:65:15:
[37m      65 ‚îÇ   templateUrl: [32m'./estudios.html'[37m,
         ‚ïµ                [32m~~~~~~~~~~~~~~~~~[0m


[31m‚úò [41;31m[[41;97mERROR[41;31m][0m [1mTS2339: Property 'hasActiveFilters' does not exist on type 'Estudios'.[0m [1m[35m[plugin angular-compiler][0m

    src/app/components/estudios/estudios.html:353:47:
[37m      353 ‚îÇ             <div class="active-filters" *ngIf="[32mhasActiveFilters[37m()">
          ‚ïµ                                                [32m~~~~~~~~~~~~~~~~[0m

  Error occurs in the template of component Estudios.

    src/app/components/estudios/estudios.ts:65:15:
[37m      65 ‚îÇ   templateUrl: [32m'./estudios.html'[37m,
         ‚ïµ                [32m~~~~~~~~~~~~~~~~~[0m


[31m‚úò [41;31m[[41;97mERROR[41;31m][0m [1mTS2339: Property 'hasActiveFilters' does not exist on type 'Estudios'.[0m [1m[35m[plugin angular-compiler][0m

    src/app/components/estudios/estudios.html:412:29:
[37m      412 ‚îÇ ...          <mat-icon>{{ [32mhasActiveFilters[37m() ? 'search_off' : 'sc...
          ‚ïµ                           [32m~~~~~~~~~~~~~~~~[0m

  Error occurs in the template of component Estudios.

    src/app/components/estudios/estudios.ts:65:15:
[37m      65 ‚îÇ   templateUrl: [32m'./estudios.html'[37m,
         ‚ïµ                [32m~~~~~~~~~~~~~~~~~[0m


[31m‚úò [41;31m[[41;97mERROR[41;31m][0m [1mTS2339: Property 'hasActiveFilters' does not exist on type 'Estudios'.[0m [1m[35m[plugin angular-compiler][0m

    src/app/components/estudios/estudios.html:415:19:
[37m      415 ‚îÇ                 {{ [32mhasActiveFilters[37m() ? 'No se encontraron estudi...
          ‚ïµ                    [32m~~~~~~~~~~~~~~~~[0m

  Error occurs in the template of component Estudios.

    src/app/components/estudios/estudios.ts:65:15:
[37m      65 ‚îÇ   templateUrl: [32m'./estudios.html'[37m,
         ‚ïµ                [32m~~~~~~~~~~~~~~~~~[0m


[31m‚úò [41;31m[[41;97mERROR[41;31m][0m [1mTS2339: Property 'hasActiveFilters' does not exist on type 'Estudios'.[0m [1m[35m[plugin angular-compiler][0m

    src/app/components/estudios/estudios.html:419:19:
[37m      419 ‚îÇ                 {{ [32mhasActiveFilters[37m() ? 'Intenta ajustar los filt...
          ‚ïµ                    [32m~~~~~~~~~~~~~~~~[0m

  Error occurs in the template of component Estudios.

    src/app/components/estudios/estudios.ts:65:15:
[37m      65 ‚îÇ   templateUrl: [32m'./estudios.html'[37m,
         ‚ïµ                [32m~~~~~~~~~~~~~~~~~[0m


[31m‚úò [41;31m[[41;97mERROR[41;31m][0m [1mTS2339: Property 'hasActiveFilters' does not exist on type 'Estudios'.[0m [1m[35m[plugin angular-compiler][0m

    src/app/components/estudios/estudios.html:430:23:
[37m      430 ‚îÇ                     {{ [32mhasActiveFilters[37m() ? 'Nuevo Estudio' : 'Cr...
          ‚ïµ                        [32m~~~~~~~~~~~~~~~~[0m

  Error occurs in the template of component Estudios.

    src/app/components/estudios/estudios.ts:65:15:
[37m      65 ‚îÇ   templateUrl: [32m'./estudios.html'[37m,
         ‚ïµ                [32m~~~~~~~~~~~~~~~~~[0m


[31m‚úò [41;31m[[41;97mERROR[41;31m][0m [1mTS2339: Property 'hasActiveFilters' does not exist on type 'Estudios'.[0m [1m[35m[plugin angular-compiler][0m

    src/app/components/estudios/estudios.html:433:27:
[37m      433 ‚îÇ                     *ngIf="[32mhasActiveFilters[37m()"
          ‚ïµ                            [32m~~~~~~~~~~~~~~~~[0m

  Error occurs in the template of component Estudios.

    src/app/components/estudios/estudios.ts:65:15:
[37m      65 ‚îÇ   templateUrl: [32m'./estudios.html'[37m,
         ‚ïµ                [32m~~~~~~~~~~~~~~~~~[0m


[31m‚úò [41;31m[[41;97mERROR[41;31m][0m [1mTS2339: Property 'clearAllFilters' does not exist on type 'Estudios'.[0m [1m[35m[plugin angular-compiler][0m

    src/app/components/estudios/estudios.html:435:29:
[37m      435 ‚îÇ                     (click)="[32mclearAllFilters[37m()"
          ‚ïµ                              [32m~~~~~~~~~~~~~~~[0m

  Error occurs in the template of component Estudios.

    src/app/components/estudios/estudios.ts:65:15:
[37m      65 ‚îÇ   templateUrl: [32m'./estudios.html'[37m,
         ‚ïµ                [32m~~~~~~~~~~~~~~~~~[0m


‚ùØ Changes detected. Rebuilding...
‚úî Changes detected. Rebuilding...
Initial chunk files | Names                  |  Raw size
main.js             | main                   | 713.36 kB | 
styles.css          | styles                 | 146.14 kB | 
chunk-65BEFXUA.js   | -                      |   5.58 kB | 
polyfills.js        | polyfills              |  95 bytes | 

                    | Initial total          | 865.17 kB

Lazy chunk files    | Names                  |  Raw size
chunk-7DG6ODXI.js   | login                  |  45.91 kB | 
chunk-BR7F7UYI.js   | dashboard-component    |  23.27 kB | 
chunk-NK27Q2EG.js   | unauthorized-component |   7.45 kB | 

Application bundle generation complete. [1.283 seconds]

Page reload sent to client(s).
‚ùØ Changes detected. Rebuilding...
‚úî Changes detected. Rebuilding...
Initial chunk files | Names |  Raw size
main.js             | main  | 715.14 kB | 

Application bundle generation complete. [1.087 seconds]

Component update sent to client(s).
‚ùØ Changes detected. Rebuilding...
‚úî Changes detected. Rebuilding...
Initial chunk files | Names |  Raw size
main.js             | main  | 716.51 kB | 

Application bundle generation complete. [1.010 seconds]

Component update sent to client(s).
‚ùØ Changes detected. Rebuilding...
‚úî Changes detected. Rebuilding...
Initial chunk files | Names |  Raw size
main.js             | main  | 715.14 kB | 

Application bundle generation complete. [0.950 seconds]

Component update sent to client(s).
‚ùØ Changes detected. Rebuilding...
‚úî Changes detected. Rebuilding...
Initial chunk files | Names |  Raw size
main.js             | main  | 716.69 kB | 

Application bundle generation complete. [1.011 seconds]

Component update sent to client(s).
